[17:53:31] [ServerMain/INFO]: Environment: authHost='https://authserver.mojang.com', accountsHost='https://api.mojang.com', sessionHost='https://sessionserver.mojang.com', servicesHost='https://api.minecraftservices.com', name='PROD'
[17:53:32] [ServerMain/INFO]: Found new data pack file/bukkit, loading it automatically
[17:53:32] [Worker-Main-1/INFO]: Loaded 7 recipes
[17:53:33] [Server thread/INFO]: Starting minecraft server version 1.18.2
[17:53:33] [Server thread/INFO]: Loading properties
[17:53:33] [Server thread/INFO]: This server is running Paper version git-Paper-311 (MC: 1.18.2) (Implementing API version 1.18.2-R0.1-SNAPSHOT) (Git: d70ac03)
[17:53:33] [Server thread/INFO]: Server Ping Player Sample Count: 12
[17:53:33] [Server thread/INFO]: Using 4 threads for Netty based IO
[17:53:33] [Server thread/INFO]: Default game type: SURVIVAL
[17:53:33] [Server thread/INFO]: Generating keypair
[17:53:33] [Server thread/INFO]: Starting Minecraft server on *:25565
[17:53:33] [Server thread/INFO]: Using default channel type
[17:53:34] [Server thread/INFO]: Paper: Using Java 11 compression from Velocity.
[17:53:34] [Server thread/INFO]: Paper: Using Java cipher from Velocity.
[17:53:34] [Server thread/INFO]: Preparing level "world"
[17:53:42] [Server thread/INFO]: Preparing start region for dimension minecraft:overworld
[17:53:42] [Worker-Main-2/INFO]: Preparing spawn area: 0%
[17:53:42] [Server thread/INFO]: Time elapsed: 350 ms
[17:53:42] [Server thread/INFO]: Preparing start region for dimension minecraft:the_end
[17:53:42] [Worker-Main-2/INFO]: Preparing spawn area: 0%
[17:53:43] [Server thread/INFO]: Time elapsed: 504 ms
[17:53:43] [Server thread/INFO]: Preparing start region for dimension minecraft:the_nether
[17:53:43] [Server thread/INFO]: Time elapsed: 280 ms
[17:53:43] [Server thread/INFO]: Running delayed init tasks
[17:53:43] [Server thread/INFO]: Done (9.669s)! For help, type "help"
[17:53:43] [Server thread/INFO]: Timings Reset
[17:56:47] [Server thread/INFO]: Unknown command. Type "/help" for help.
[17:56:48] [Server thread/INFO]: Unknown command. Type "/help" for help.
